#
# A fatal error has been detected by the Java Runtime Environment:
#
#  Internal Error (javaClasses.cpp:136), pid=21000, tid=27492
#  fatal error: Invalid layout of preloaded class
#
# JRE version:  (7.0_67-b01) (build )
# Java VM: Java HotSpot(TM) Client VM (24.65-b04 mixed mode windows-x86 )
# Failed to write core dump. Minidumps are not enabled by default on client versions of Windows
#
# If you would like to submit a bug report, please visit:
#   http://bugreport.sun.com/bugreport/crash.jsp
#

---------------  T H R E A D  ---------------

Current thread (0x024ebc00):  JavaThread "Unknown thread" [_thread_in_vm, id=27492, stack(0x009c0000,0x00a10000)]

Stack: [0x009c0000,0x00a10000],  sp=0x00a0f924,  free space=318k
Native frames: (J=compiled Java code, j=interpreted, Vv=VM code, C=native code)
V  [jvm.dll+0x190494]
V  [jvm.dll+0x18a116]
V  [jvm.dll+0x35d7a]
V  [jvm.dll+0x35e06]
V  [jvm.dll+0x4465d]
V  [jvm.dll+0x4490e]
V  [jvm.dll+0x92f8a]
V  [jvm.dll+0x9333b]
V  [jvm.dll+0x13fa31]
V  [jvm.dll+0x1626fc]
V  [jvm.dll+0xc9d6f]
C  [javaw.exe+0x13ce]
C  [javaw.exe+0x1e40]
C  [javaw.exe+0xa601]
C  [javaw.exe+0xa68b]
C  [KERNEL32.DLL+0x1919f]
C  [ntdll.dll+0x4a22b]
C  [ntdll.dll+0x4a201]


---------------  P R O C E S S  ---------------

Java Threads: ( => current thread )

Other Threads:

=>0x024ebc00 (exited) JavaThread "Unknown thread" [_thread_in_vm, id=27492, stack(0x009c0000,0x00a10000)]

VM state:not at safepoint (not fully initialized)

VM Mutex/Monitor currently owned by a thread: None

GC Heap History (0 events):
No events

Deoptimization events (0 events):
No events

Internal exceptions (0 events):
No events

Events (10 events):
Event: 2.139 loading class 0x023fad88 done
Event: 2.140 loading class 0x023fa818 done
Event: 2.140 loading class 0x023fa7f8
Event: 2.140 loading class 0x02401b78
Event: 2.163 loading class 0x02401b78 done
Event: 2.163 loading class 0x02401ba8
Event: 2.164 loading class 0x02401ba8 done
Event: 2.164 loading class 0x02401bd8
Event: 2.164 loading class 0x02401bd8 done
Event: 2.164 loading class 0x023fa7f8 done


Dynamic libraries:
0x00b90000 - 0x00bbf000 	C:\Program Files (x86)\Java\jre7\bin\javaw.exe
0x77950000 - 0x77ab8000 	C:\Windows\SYSTEM32\ntdll.dll
0x77340000 - 0x77480000 	C:\Windows\SYSTEM32\KERNEL32.DLL
0x77490000 - 0x7755f000 	C:\Windows\SYSTEM32\KERNELBASE.dll
0x6f510000 - 0x6f5a9000 	C:\Windows\system32\apphelp.dll
0x69770000 - 0x699c9000 	C:\Windows\AppPatch\AcGenral.DLL
0x76630000 - 0x766ee000 	C:\Windows\SYSTEM32\msvcrt.dll
0x76870000 - 0x768ae000 	C:\Windows\SYSTEM32\sechost.dll
0x75370000 - 0x7538d000 	C:\Windows\SYSTEM32\SspiCli.dll
0x76820000 - 0x76861000 	C:\Windows\SYSTEM32\SHLWAPI.dll
0x70850000 - 0x7092b000 	C:\Windows\SYSTEM32\UxTheme.dll
0x76fc0000 - 0x7710f000 	C:\Windows\SYSTEM32\USER32.dll
0x771b0000 - 0x772b7000 	C:\Windows\SYSTEM32\GDI32.dll
0x6efc0000 - 0x6efe0000 	C:\Windows\SYSTEM32\WINMM.dll
0x72730000 - 0x72742000 	C:\Windows\SYSTEM32\samcli.dll
0x766f0000 - 0x767fc000 	C:\Windows\SYSTEM32\ole32.dll
0x768b0000 - 0x76937000 	C:\Windows\SYSTEM32\OLEAUT32.dll
0x6ef10000 - 0x6ef25000 	C:\Windows\SYSTEM32\MSACM32.dll
0x74f70000 - 0x74f78000 	C:\Windows\SYSTEM32\VERSION.dll
0x75390000 - 0x76551000 	C:\Windows\SYSTEM32\SHELL32.dll
0x74f50000 - 0x74f69000 	C:\Windows\SYSTEM32\USERENV.dll
0x6f700000 - 0x6f718000 	C:\Windows\SYSTEM32\dwmapi.dll
0x6f1f0000 - 0x6f31c000 	C:\Windows\SYSTEM32\urlmon.dll
0x76ca0000 - 0x76d18000 	C:\Windows\SYSTEM32\ADVAPI32.dll
0x6f320000 - 0x6f37e000 	C:\Windows\SYSTEM32\WINSPOOL.DRV
0x72ab0000 - 0x72ac4000 	C:\Windows\SYSTEM32\MPR.dll
0x76a90000 - 0x76b40000 	C:\Windows\SYSTEM32\RPCRT4.dll
0x75360000 - 0x75369000 	C:\Windows\SYSTEM32\CRYPTBASE.dll
0x76940000 - 0x76a8e000 	C:\Windows\SYSTEM32\combase.dll
0x6efa0000 - 0x6efc0000 	C:\Windows\SYSTEM32\WINMMBASE.dll
0x74f30000 - 0x74f3e000 	C:\Windows\SYSTEM32\profapi.dll
0x70460000 - 0x7067b000 	C:\Windows\SYSTEM32\iertutil.dll
0x70680000 - 0x70842000 	C:\Windows\SYSTEM32\WININET.dll
0x75300000 - 0x75352000 	C:\Windows\SYSTEM32\bcryptPrimitives.dll
0x76590000 - 0x765ca000 	C:\Windows\SYSTEM32\cfgmgr32.dll
0x6ef80000 - 0x6ef9f000 	C:\Windows\SYSTEM32\DEVOBJ.dll
0x73cf0000 - 0x73d66000 	C:\Windows\SYSTEM32\SHCORE.DLL
0x76560000 - 0x76585000 	C:\Windows\system32\IMM32.DLL
0x76b40000 - 0x76c37000 	C:\Windows\SYSTEM32\MSCTF.dll
0x70940000 - 0x70b26000 	C:\Windows\WinSxS\x86_microsoft.windows.common-controls_6595b64144ccf1df_6.0.9600.17031_none_a9efdb8b01377ea7\COMCTL32.dll
0x5b8d0000 - 0x5b98f000 	C:\Program Files (x86)\Java\jre7\bin\msvcr100.dll
0x56df0000 - 0x57178000 	C:\Program Files (x86)\Java\jre7\bin\client\jvm.dll
0x6e8c0000 - 0x6e8c8000 	C:\Windows\SYSTEM32\WSOCK32.dll
0x76810000 - 0x76816000 	C:\Windows\SYSTEM32\PSAPI.DLL
0x76c40000 - 0x76c8d000 	C:\Windows\SYSTEM32\WS2_32.dll
0x76c90000 - 0x76c97000 	C:\Windows\SYSTEM32\NSI.dll
0x5ab10000 - 0x5ab1c000 	C:\Program Files (x86)\Java\jre7\bin\verify.dll
0x56dd0000 - 0x56df0000 	C:\Program Files (x86)\Java\jre7\bin\java.dll
0x56db0000 - 0x56dc3000 	C:\Program Files (x86)\Java\jre7\bin\zip.dll
0x70310000 - 0x70458000 	C:\Windows\SYSTEM32\dbghelp.dll

VM Arguments:
jvm_args: -Dfile.encoding=Cp1252 -Xbootclasspath:E:\adt-bundle-windows-x86-20140702\sdk\platforms\android-20\android.jar 
java_command: com.example.remindme.split
Launcher Type: SUN_STANDARD

Environment Variables:
PATH=C:/Program Files (x86)/Java/jre7/bin/client;C:/Program Files (x86)/Java/jre7/bin;C:/Program Files (x86)/Java/jre7/lib/i386;C:\ProgramData\Oracle\Java\javapath;c:\Program Files (x86)\Intel\iCLS Client\;c:\Program Files\Intel\iCLS Client\;C:\Windows\system32;C:\Windows;C:\Windows\System32\Wbem;C:\Windows\System32\WindowsPowerShell\v1.0\;C:\Program Files\Intel\Intel(R) Management Engine Components\DAL;C:\Program Files\Intel\Intel(R) Management Engine Components\IPT;C:\Program Files (x86)\Intel\Intel(R) Management Engine Components\DAL;C:\Program Files (x86)\Intel\Intel(R) Management Engine Components\IPT;C:\Program Files (x86)\MiKTeX 2.9\miktex\bin\;E:\adt-bundle-windows-x86-20140702\eclipse;
USERNAME=Deepak
OS=Windows_NT
PROCESSOR_IDENTIFIER=Intel64 Family 6 Model 69 Stepping 1, GenuineIntel



---------------  S Y S T E M  ---------------

OS: Windows 8.1 , 64 bit Build 9600 

CPU:total 4 (2 cores per cpu, 2 threads per core) family 6 model 69 stepping 1, cmov, cx8, fxsr, mmx, sse, sse2, sse3, ssse3, sse4.1, sse4.2, popcnt, avx, avx2, aes, erms, ht, tsc, tscinvbit

Memory: 4k page, physical 8290324k(1885656k free), swap 22666024k(5156968k free)

vm_info: Java HotSpot(TM) Client VM (24.65-b04) for windows-x86 JRE (1.7.0_67-b01), built on Jul 25 2014 10:20:53 by "java_re" with unknown MS VC++:1600

time: Fri Oct 10 17:40:28 2014
elapsed time: 2 seconds

